<?xml version="1.0" encoding="UTF-8"?>
<!-- Generated by org.testng.reporters.JUnitXMLReporter -->
<testsuite ignored="0" hostname="DESKTOP-68SHAQO" failures="0" tests="8" name="Test Maven Testing" time="0.102" errors="0" timestamp="2023-05-15T19:44:28 BST">
  <testcase classname="com.qa.test.DemoTest" name="div" time="0.011"/>
  <testcase classname="com.qa.test.DemoTest" name="multiplication" time="0.001"/>
  <testcase classname="com.qa.test.DemoTest" name="sub" time="0.001"/>
  <testcase classname="com.qa.test.DemoTest" name="sum" time="0.001"/>
  <testcase classname="com.qa.test.DemoTest1" name="div" time="0.001"/>
  <testcase classname="com.qa.test.DemoTest1" name="multiplication" time="0.001"/>
  <testcase classname="com.qa.test.DemoTest1" name="sub" time="0.001"/>
  <testcase classname="com.qa.test.DemoTest1" name="sum" time="0.0"/>
</testsuite> <!-- Test Maven Testing -->
