<?xml version="1.0" encoding="UTF-8"?>
<testng-results ignored="0" total="8" passed="8" failed="0" skipped="0">
  <reporter-output>
  </reporter-output>
  <suite started-at="2023-05-15T19:44:28 BST" name="Test Maven Suite" finished-at="2023-05-15T19:44:28 BST" duration-ms="102">
    <groups>
    </groups>
    <test started-at="2023-05-15T19:44:28 BST" name="Test Maven Testing" finished-at="2023-05-15T19:44:28 BST" duration-ms="102">
      <class name="com.qa.test.DemoTest">
        <test-method signature="div()[pri:0, instance:com.qa.test.DemoTest@1534f01b]" started-at="2023-05-15T19:44:28 BST" name="div" finished-at="2023-05-15T19:44:28 BST" duration-ms="11" status="PASS">
          <reporter-output>
          </reporter-output>
        </test-method> <!-- div -->
        <test-method signature="multiplication()[pri:0, instance:com.qa.test.DemoTest@1534f01b]" started-at="2023-05-15T19:44:28 BST" name="multiplication" finished-at="2023-05-15T19:44:28 BST" duration-ms="1" status="PASS">
          <reporter-output>
          </reporter-output>
        </test-method> <!-- multiplication -->
        <test-method signature="sub()[pri:0, instance:com.qa.test.DemoTest@1534f01b]" started-at="2023-05-15T19:44:28 BST" name="sub" finished-at="2023-05-15T19:44:28 BST" duration-ms="1" status="PASS">
          <reporter-output>
          </reporter-output>
        </test-method> <!-- sub -->
        <test-method signature="sum()[pri:0, instance:com.qa.test.DemoTest@1534f01b]" started-at="2023-05-15T19:44:28 BST" name="sum" finished-at="2023-05-15T19:44:28 BST" duration-ms="1" status="PASS">
          <reporter-output>
          </reporter-output>
        </test-method> <!-- sum -->
      </class> <!-- com.qa.test.DemoTest -->
      <class name="com.qa.test.DemoTest1">
        <test-method signature="div()[pri:0, instance:com.qa.test.DemoTest1@47d90b9e]" started-at="2023-05-15T19:44:28 BST" name="div" finished-at="2023-05-15T19:44:28 BST" duration-ms="1" status="PASS">
          <reporter-output>
          </reporter-output>
        </test-method> <!-- div -->
        <test-method signature="multiplication()[pri:0, instance:com.qa.test.DemoTest1@47d90b9e]" started-at="2023-05-15T19:44:28 BST" name="multiplication" finished-at="2023-05-15T19:44:28 BST" duration-ms="1" status="PASS">
          <reporter-output>
          </reporter-output>
        </test-method> <!-- multiplication -->
        <test-method signature="sub()[pri:0, instance:com.qa.test.DemoTest1@47d90b9e]" started-at="2023-05-15T19:44:28 BST" name="sub" finished-at="2023-05-15T19:44:28 BST" duration-ms="1" status="PASS">
          <reporter-output>
          </reporter-output>
        </test-method> <!-- sub -->
        <test-method signature="sum()[pri:0, instance:com.qa.test.DemoTest1@47d90b9e]" started-at="2023-05-15T19:44:28 BST" name="sum" finished-at="2023-05-15T19:44:28 BST" duration-ms="0" status="PASS">
          <reporter-output>
          </reporter-output>
        </test-method> <!-- sum -->
      </class> <!-- com.qa.test.DemoTest1 -->
    </test> <!-- Test Maven Testing -->
  </suite> <!-- Test Maven Suite -->
</testng-results>
